commit 52a6606cf9e12c80c233bac85e97b8071628f91a
Author: Cayden Allen <caydenallen@mail.weber.edu>
Date:   Mon Apr 3 08:12:12 2017 -0600

    Updated

commit 2a508252b59dee7ec5447990e803ba74d73f47b5
Author: Trevor Orgill <trevororgill@weber.edu>
Date:   Sun Apr 2 11:51:54 2017 -0600

    Fixed up task2

commit 9bcee0d68a0db2ce0a82212168f45769347c9453
Author: Cayden Allen <caydenallen@mail.weber.edu>
Date:   Sat Apr 1 18:04:24 2017 -0600

    Actually Done

commit e005950667bed3a4ae6a898b75f55e387c7b7cc6
Author: Cayden Allen <caydenallen@mail.weber.edu>
Date:   Sat Apr 1 17:59:10 2017 -0600

    Done

commit 039584753c869547dc151276c416c861ad36bf55
Author: Cayden Allen <caydenallen@mail.weber.edu>
Date:   Sat Apr 1 17:55:29 2017 -0600

    almost done

commit 92e48d2038f27127223761bbedfd55ed167a719c
Author: Cayden Allen <caydenallen@mail.weber.edu>
Date:   Fri Mar 31 20:33:49 2017 -0600

    lil closer

commit 1c7cd58ceebf184d8efdc0aabfa1368b03926c53
Author: Trevor Orgill <trevororgill@weber.edu>
Date:   Fri Mar 31 14:19:39 2017 -0600

    Fixed print statements

commit 2e6ba597ba5563aaa007fe0f88531c1215934176
Author: Cayden Allen <caydenallen@mail.weber.edu>
Date:   Fri Mar 31 14:11:37 2017 -0600

    couple changes

commit efbe969041b1433945001db8c7c386289f470329
Author: Trevor Orgill <trevororgill@weber.edu>
Date:   Fri Mar 31 12:39:05 2017 -0600

    Working Task 2 script, along with updated README for it

commit 58a9f700f73fb45a89a937b6f55bd16cd0399afa
Author: Cayden Allen <caydenallen@mail.weber.edu>
Date:   Thu Mar 30 18:49:09 2017 -0600

    added a couple comments

commit e86c7b5af1bb06cc0bc712cf09e07c8768949bb0
Author: Cayden Allen <caydenallen@mail.weber.edu>
Date:   Thu Mar 30 18:42:25 2017 -0600

    Making a lil progress

commit 7989f17ad0bb3e0f76ab4cc71e2489e8b95b7cc8
Author: Trevor Orgill <trevororgill@weber.edu>
Date:   Tue Mar 28 12:41:32 2017 -0600

    Added the beggining of each file

commit b14e3c7b3e35f2d5b25a4c317ab6a14bb3a91582
Author: caydenallen <caydenallen@mail.weber.edu>
Date:   Tue Mar 28 12:35:56 2017 -0600

    Initial commit
